  sample_prime_numbers.cpp
c:\users\rootreddragon\desktop\googletest\upload\main\final\mp2-lab1-set\samples\sample_prime_numbers.cpp(22): warning C4566: character represented by universal-character-name '\u0422' cannot be represented in the current code page (1252)
c:\users\rootreddragon\desktop\googletest\upload\main\final\mp2-lab1-set\samples\sample_prime_numbers.cpp(22): warning C4566: character represented by universal-character-name '\u0435' cannot be represented in the current code page (1252)
c:\users\rootreddragon\desktop\googletest\upload\main\final\mp2-lab1-set\samples\sample_prime_numbers.cpp(22): warning C4566: character represented by universal-character-name '\u0441' cannot be represented in the current code page (1252)
c:\users\rootreddragon\desktop\googletest\upload\main\final\mp2-lab1-set\samples\sample_prime_numbers.cpp(22): warning C4566: character represented by universal-character-name '\u0442' cannot be represented in the current code page (1252)
c:\users\rootreddragon\desktop\googletest\upload\main\final\mp2-lab1-set\samples\sample_prime_numbers.cpp(22): warning C4566: character represented by universal-character-name '\u0438' cannot be represented in the current code page (1252)
c:\users\rootreddragon\desktop\googletest\upload\main\final\mp2-lab1-set\samples\sample_prime_numbers.cpp(22): warning C4566: character represented by universal-character-name '\u0440' cannot be represented in the current code page (1252)
c:\users\rootreddragon\desktop\googletest\upload\main\final\mp2-lab1-set\samples\sample_prime_numbers.cpp(22): warning C4566: character represented by universal-character-name '\u043E' cannot be represented in the current code page (1252)
c:\users\rootreddragon\desktop\googletest\upload\main\final\mp2-lab1-set\samples\sample_prime_numbers.cpp(22): warning C4566: character represented by universal-character-name '\u0432' cannot be represented in the current code page (1252)
c:\users\rootreddragon\desktop\googletest\upload\main\final\mp2-lab1-set\samples\sample_prime_numbers.cpp(22): warning C4566: character represented by universal-character-name '\u0430' cannot be represented in the current code page (1252)
c:\users\rootreddragon\desktop\googletest\upload\main\final\mp2-lab1-set\samples\sample_prime_numbers.cpp(22): warning C4566: character represented by universal-character-name '\u043D' cannot be represented in the current code page (1252)
c:\users\rootreddragon\desktop\googletest\upload\main\final\mp2-lab1-set\samples\sample_prime_numbers.cpp(22): warning C4566: character represented by universal-character-name '\u043F' cannot be represented in the current code page (1252)
c:\users\rootreddragon\desktop\googletest\upload\main\final\mp2-lab1-set\samples\sample_prime_numbers.cpp(22): warning C4566: character represented by universal-character-name '\u0433' cannot be represented in the current code page (1252)
c:\users\rootreddragon\desktop\googletest\upload\main\final\mp2-lab1-set\samples\sample_prime_numbers.cpp(22): warning C4566: character represented by universal-character-name '\u043C' cannot be represented in the current code page (1252)
c:\users\rootreddragon\desktop\googletest\upload\main\final\mp2-lab1-set\samples\sample_prime_numbers.cpp(22): warning C4566: character represented by universal-character-name '\u0434' cannot be represented in the current code page (1252)
c:\users\rootreddragon\desktop\googletest\upload\main\final\mp2-lab1-set\samples\sample_prime_numbers.cpp(22): warning C4566: character represented by universal-character-name '\u0436' cannot be represented in the current code page (1252)
c:\users\rootreddragon\desktop\googletest\upload\main\final\mp2-lab1-set\samples\sample_prime_numbers.cpp(22): warning C4566: character represented by universal-character-name '\u043A' cannot be represented in the current code page (1252)
c:\users\rootreddragon\desktop\googletest\upload\main\final\mp2-lab1-set\samples\sample_prime_numbers.cpp(22): warning C4566: character represented by universal-character-name '\u0431' cannot be represented in the current code page (1252)
c:\users\rootreddragon\desktop\googletest\upload\main\final\mp2-lab1-set\samples\sample_prime_numbers.cpp(22): warning C4566: character represented by universal-character-name '\u043B' cannot be represented in the current code page (1252)
c:\users\rootreddragon\desktop\googletest\upload\main\final\mp2-lab1-set\samples\sample_prime_numbers.cpp(22): warning C4566: character represented by universal-character-name '\u044F' cannot be represented in the current code page (1252)
c:\users\rootreddragon\desktop\googletest\upload\main\final\mp2-lab1-set\samples\sample_prime_numbers.cpp(23): warning C4566: character represented by universal-character-name '\u0420' cannot be represented in the current code page (1252)
c:\users\rootreddragon\desktop\googletest\upload\main\final\mp2-lab1-set\samples\sample_prime_numbers.cpp(23): warning C4566: character represented by universal-character-name '\u0435' cannot be represented in the current code page (1252)
c:\users\rootreddragon\desktop\googletest\upload\main\final\mp2-lab1-set\samples\sample_prime_numbers.cpp(23): warning C4566: character represented by universal-character-name '\u0448' cannot be represented in the current code page (1252)
c:\users\rootreddragon\desktop\googletest\upload\main\final\mp2-lab1-set\samples\sample_prime_numbers.cpp(23): warning C4566: character represented by universal-character-name '\u0442' cannot be represented in the current code page (1252)
c:\users\rootreddragon\desktop\googletest\upload\main\final\mp2-lab1-set\samples\sample_prime_numbers.cpp(23): warning C4566: character represented by universal-character-name '\u043E' cannot be represented in the current code page (1252)
c:\users\rootreddragon\desktop\googletest\upload\main\final\mp2-lab1-set\samples\sample_prime_numbers.cpp(23): warning C4566: character represented by universal-character-name '\u042D' cannot be represented in the current code page (1252)
c:\users\rootreddragon\desktop\googletest\upload\main\final\mp2-lab1-set\samples\sample_prime_numbers.cpp(23): warning C4566: character represented by universal-character-name '\u0440' cannot be represented in the current code page (1252)
c:\users\rootreddragon\desktop\googletest\upload\main\final\mp2-lab1-set\samples\sample_prime_numbers.cpp(23): warning C4566: character represented by universal-character-name '\u0430' cannot be represented in the current code page (1252)
c:\users\rootreddragon\desktop\googletest\upload\main\final\mp2-lab1-set\samples\sample_prime_numbers.cpp(23): warning C4566: character represented by universal-character-name '\u0441' cannot be represented in the current code page (1252)
c:\users\rootreddragon\desktop\googletest\upload\main\final\mp2-lab1-set\samples\sample_prime_numbers.cpp(23): warning C4566: character represented by universal-character-name '\u0444' cannot be represented in the current code page (1252)
c:\users\rootreddragon\desktop\googletest\upload\main\final\mp2-lab1-set\samples\sample_prime_numbers.cpp(23): warning C4566: character represented by universal-character-name '\u043D' cannot be represented in the current code page (1252)
c:\users\rootreddragon\desktop\googletest\upload\main\final\mp2-lab1-set\samples\sample_prime_numbers.cpp(24): warning C4566: character represented by universal-character-name '\u0412' cannot be represented in the current code page (1252)
c:\users\rootreddragon\desktop\googletest\upload\main\final\mp2-lab1-set\samples\sample_prime_numbers.cpp(24): warning C4566: character represented by universal-character-name '\u0432' cannot be represented in the current code page (1252)
c:\users\rootreddragon\desktop\googletest\upload\main\final\mp2-lab1-set\samples\sample_prime_numbers.cpp(24): warning C4566: character represented by universal-character-name '\u0435' cannot be represented in the current code page (1252)
c:\users\rootreddragon\desktop\googletest\upload\main\final\mp2-lab1-set\samples\sample_prime_numbers.cpp(24): warning C4566: character represented by universal-character-name '\u0434' cannot be represented in the current code page (1252)
c:\users\rootreddragon\desktop\googletest\upload\main\final\mp2-lab1-set\samples\sample_prime_numbers.cpp(24): warning C4566: character represented by universal-character-name '\u0438' cannot be represented in the current code page (1252)
c:\users\rootreddragon\desktop\googletest\upload\main\final\mp2-lab1-set\samples\sample_prime_numbers.cpp(24): warning C4566: character represented by universal-character-name '\u0442' cannot be represented in the current code page (1252)
c:\users\rootreddragon\desktop\googletest\upload\main\final\mp2-lab1-set\samples\sample_prime_numbers.cpp(24): warning C4566: character represented by universal-character-name '\u0440' cannot be represented in the current code page (1252)
c:\users\rootreddragon\desktop\googletest\upload\main\final\mp2-lab1-set\samples\sample_prime_numbers.cpp(24): warning C4566: character represented by universal-character-name '\u0445' cannot be represented in the current code page (1252)
c:\users\rootreddragon\desktop\googletest\upload\main\final\mp2-lab1-set\samples\sample_prime_numbers.cpp(24): warning C4566: character represented by universal-character-name '\u043D' cannot be represented in the current code page (1252)
c:\users\rootreddragon\desktop\googletest\upload\main\final\mp2-lab1-set\samples\sample_prime_numbers.cpp(24): warning C4566: character represented by universal-character-name '\u044E' cannot be represented in the current code page (1252)
c:\users\rootreddragon\desktop\googletest\upload\main\final\mp2-lab1-set\samples\sample_prime_numbers.cpp(24): warning C4566: character represented by universal-character-name '\u0433' cannot be represented in the current code page (1252)
c:\users\rootreddragon\desktop\googletest\upload\main\final\mp2-lab1-set\samples\sample_prime_numbers.cpp(24): warning C4566: character represented by universal-character-name '\u0430' cannot be represented in the current code page (1252)
c:\users\rootreddragon\desktop\googletest\upload\main\final\mp2-lab1-set\samples\sample_prime_numbers.cpp(24): warning C4566: character represented by universal-character-name '\u0446' cannot be represented in the current code page (1252)
c:\users\rootreddragon\desktop\googletest\upload\main\final\mp2-lab1-set\samples\sample_prime_numbers.cpp(24): warning C4566: character represented by universal-character-name '\u0443' cannot be represented in the current code page (1252)
c:\users\rootreddragon\desktop\googletest\upload\main\final\mp2-lab1-set\samples\sample_prime_numbers.cpp(24): warning C4566: character represented by universal-character-name '\u043B' cannot be represented in the current code page (1252)
c:\users\rootreddragon\desktop\googletest\upload\main\final\mp2-lab1-set\samples\sample_prime_numbers.cpp(24): warning C4566: character represented by universal-character-name '\u044B' cannot be represented in the current code page (1252)
c:\users\rootreddragon\desktop\googletest\upload\main\final\mp2-lab1-set\samples\sample_prime_numbers.cpp(24): warning C4566: character represented by universal-character-name '\u0437' cannot be represented in the current code page (1252)
c:\users\rootreddragon\desktop\googletest\upload\main\final\mp2-lab1-set\samples\sample_prime_numbers.cpp(24): warning C4566: character represented by universal-character-name '\u0447' cannot be represented in the current code page (1252)
c:\users\rootreddragon\desktop\googletest\upload\main\final\mp2-lab1-set\samples\sample_prime_numbers.cpp(24): warning C4566: character represented by universal-character-name '\u0439' cannot be represented in the current code page (1252)
c:\users\rootreddragon\desktop\googletest\upload\main\final\mp2-lab1-set\samples\sample_prime_numbers.cpp(38): warning C4566: character represented by universal-character-name '\u041F' cannot be represented in the current code page (1252)
c:\users\rootreddragon\desktop\googletest\upload\main\final\mp2-lab1-set\samples\sample_prime_numbers.cpp(38): warning C4566: character represented by universal-character-name '\u0435' cannot be represented in the current code page (1252)
c:\users\rootreddragon\desktop\googletest\upload\main\final\mp2-lab1-set\samples\sample_prime_numbers.cpp(38): warning C4566: character represented by universal-character-name '\u0447' cannot be represented in the current code page (1252)
c:\users\rootreddragon\desktop\googletest\upload\main\final\mp2-lab1-set\samples\sample_prime_numbers.cpp(38): warning C4566: character represented by universal-character-name '\u0430' cannot be represented in the current code page (1252)
c:\users\rootreddragon\desktop\googletest\upload\main\final\mp2-lab1-set\samples\sample_prime_numbers.cpp(38): warning C4566: character represented by universal-character-name '\u0442' cannot be represented in the current code page (1252)
c:\users\rootreddragon\desktop\googletest\upload\main\final\mp2-lab1-set\samples\sample_prime_numbers.cpp(38): warning C4566: character represented by universal-character-name '\u044C' cannot be represented in the current code page (1252)
c:\users\rootreddragon\desktop\googletest\upload\main\final\mp2-lab1-set\samples\sample_prime_numbers.cpp(38): warning C4566: character represented by universal-character-name '\u043C' cannot be represented in the current code page (1252)
c:\users\rootreddragon\desktop\googletest\upload\main\final\mp2-lab1-set\samples\sample_prime_numbers.cpp(38): warning C4566: character represented by universal-character-name '\u043D' cannot be represented in the current code page (1252)
c:\users\rootreddragon\desktop\googletest\upload\main\final\mp2-lab1-set\samples\sample_prime_numbers.cpp(38): warning C4566: character represented by universal-character-name '\u043E' cannot be represented in the current code page (1252)
c:\users\rootreddragon\desktop\googletest\upload\main\final\mp2-lab1-set\samples\sample_prime_numbers.cpp(38): warning C4566: character represented by universal-character-name '\u0436' cannot be represented in the current code page (1252)
c:\users\rootreddragon\desktop\googletest\upload\main\final\mp2-lab1-set\samples\sample_prime_numbers.cpp(38): warning C4566: character represented by universal-character-name '\u0441' cannot be represented in the current code page (1252)
c:\users\rootreddragon\desktop\googletest\upload\main\final\mp2-lab1-set\samples\sample_prime_numbers.cpp(38): warning C4566: character represented by universal-character-name '\u0432' cannot be represented in the current code page (1252)
c:\users\rootreddragon\desktop\googletest\upload\main\final\mp2-lab1-set\samples\sample_prime_numbers.cpp(38): warning C4566: character represented by universal-character-name '\u043A' cannot be represented in the current code page (1252)
c:\users\rootreddragon\desktop\googletest\upload\main\final\mp2-lab1-set\samples\sample_prime_numbers.cpp(38): warning C4566: character represented by universal-character-name '\u0440' cannot be represented in the current code page (1252)
c:\users\rootreddragon\desktop\googletest\upload\main\final\mp2-lab1-set\samples\sample_prime_numbers.cpp(38): warning C4566: character represented by universal-character-name '\u044B' cannot be represented in the current code page (1252)
c:\users\rootreddragon\desktop\googletest\upload\main\final\mp2-lab1-set\samples\sample_prime_numbers.cpp(38): warning C4566: character represented by universal-character-name '\u0445' cannot be represented in the current code page (1252)
c:\users\rootreddragon\desktop\googletest\upload\main\final\mp2-lab1-set\samples\sample_prime_numbers.cpp(38): warning C4566: character represented by universal-character-name '\u0438' cannot be represented in the current code page (1252)
c:\users\rootreddragon\desktop\googletest\upload\main\final\mp2-lab1-set\samples\sample_prime_numbers.cpp(38): warning C4566: character represented by universal-character-name '\u043B' cannot be represented in the current code page (1252)
c:\users\rootreddragon\desktop\googletest\upload\main\final\mp2-lab1-set\samples\sample_prime_numbers.cpp(39): warning C4566: character represented by universal-character-name '\u041F' cannot be represented in the current code page (1252)
c:\users\rootreddragon\desktop\googletest\upload\main\final\mp2-lab1-set\samples\sample_prime_numbers.cpp(39): warning C4566: character represented by universal-character-name '\u0435' cannot be represented in the current code page (1252)
c:\users\rootreddragon\desktop\googletest\upload\main\final\mp2-lab1-set\samples\sample_prime_numbers.cpp(39): warning C4566: character represented by universal-character-name '\u0447' cannot be represented in the current code page (1252)
c:\users\rootreddragon\desktop\googletest\upload\main\final\mp2-lab1-set\samples\sample_prime_numbers.cpp(39): warning C4566: character represented by universal-character-name '\u0430' cannot be represented in the current code page (1252)
c:\users\rootreddragon\desktop\googletest\upload\main\final\mp2-lab1-set\samples\sample_prime_numbers.cpp(39): warning C4566: character represented by universal-character-name '\u0442' cannot be represented in the current code page (1252)
c:\users\rootreddragon\desktop\googletest\upload\main\final\mp2-lab1-set\samples\sample_prime_numbers.cpp(39): warning C4566: character represented by universal-character-name '\u044C' cannot be represented in the current code page (1252)
c:\users\rootreddragon\desktop\googletest\upload\main\final\mp2-lab1-set\samples\sample_prime_numbers.cpp(39): warning C4566: character represented by universal-character-name '\u043F' cannot be represented in the current code page (1252)
c:\users\rootreddragon\desktop\googletest\upload\main\final\mp2-lab1-set\samples\sample_prime_numbers.cpp(39): warning C4566: character represented by universal-character-name '\u0440' cannot be represented in the current code page (1252)
c:\users\rootreddragon\desktop\googletest\upload\main\final\mp2-lab1-set\samples\sample_prime_numbers.cpp(39): warning C4566: character represented by universal-character-name '\u043E' cannot be represented in the current code page (1252)
c:\users\rootreddragon\desktop\googletest\upload\main\final\mp2-lab1-set\samples\sample_prime_numbers.cpp(39): warning C4566: character represented by universal-character-name '\u0441' cannot be represented in the current code page (1252)
c:\users\rootreddragon\desktop\googletest\upload\main\final\mp2-lab1-set\samples\sample_prime_numbers.cpp(39): warning C4566: character represented by universal-character-name '\u044B' cannot be represented in the current code page (1252)
c:\users\rootreddragon\desktop\googletest\upload\main\final\mp2-lab1-set\samples\sample_prime_numbers.cpp(39): warning C4566: character represented by universal-character-name '\u0445' cannot be represented in the current code page (1252)
c:\users\rootreddragon\desktop\googletest\upload\main\final\mp2-lab1-set\samples\sample_prime_numbers.cpp(39): warning C4566: character represented by universal-character-name '\u0438' cannot be represented in the current code page (1252)
c:\users\rootreddragon\desktop\googletest\upload\main\final\mp2-lab1-set\samples\sample_prime_numbers.cpp(39): warning C4566: character represented by universal-character-name '\u043B' cannot be represented in the current code page (1252)
c:\users\rootreddragon\desktop\googletest\upload\main\final\mp2-lab1-set\samples\sample_prime_numbers.cpp(51): warning C4566: character represented by universal-character-name '\u0412' cannot be represented in the current code page (1252)
c:\users\rootreddragon\desktop\googletest\upload\main\final\mp2-lab1-set\samples\sample_prime_numbers.cpp(51): warning C4566: character represented by universal-character-name '\u043F' cannot be represented in the current code page (1252)
c:\users\rootreddragon\desktop\googletest\upload\main\final\mp2-lab1-set\samples\sample_prime_numbers.cpp(51): warning C4566: character represented by universal-character-name '\u0435' cannot be represented in the current code page (1252)
c:\users\rootreddragon\desktop\googletest\upload\main\final\mp2-lab1-set\samples\sample_prime_numbers.cpp(51): warning C4566: character represented by universal-character-name '\u0440' cannot be represented in the current code page (1252)
c:\users\rootreddragon\desktop\googletest\upload\main\final\mp2-lab1-set\samples\sample_prime_numbers.cpp(51): warning C4566: character represented by universal-character-name '\u0432' cannot be represented in the current code page (1252)
c:\users\rootreddragon\desktop\googletest\upload\main\final\mp2-lab1-set\samples\sample_prime_numbers.cpp(51): warning C4566: character represented by universal-character-name '\u044B' cannot be represented in the current code page (1252)
c:\users\rootreddragon\desktop\googletest\upload\main\final\mp2-lab1-set\samples\sample_prime_numbers.cpp(51): warning C4566: character represented by universal-character-name '\u0445' cannot be represented in the current code page (1252)
c:\users\rootreddragon\desktop\googletest\upload\main\final\mp2-lab1-set\samples\sample_prime_numbers.cpp(51): warning C4566: character represented by universal-character-name '\u0447' cannot be represented in the current code page (1252)
c:\users\rootreddragon\desktop\googletest\upload\main\final\mp2-lab1-set\samples\sample_prime_numbers.cpp(51): warning C4566: character represented by universal-character-name '\u0438' cannot be represented in the current code page (1252)
c:\users\rootreddragon\desktop\googletest\upload\main\final\mp2-lab1-set\samples\sample_prime_numbers.cpp(51): warning C4566: character represented by universal-character-name '\u0441' cannot be represented in the current code page (1252)
c:\users\rootreddragon\desktop\googletest\upload\main\final\mp2-lab1-set\samples\sample_prime_numbers.cpp(51): warning C4566: character represented by universal-character-name '\u043B' cannot be represented in the current code page (1252)
c:\users\rootreddragon\desktop\googletest\upload\main\final\mp2-lab1-set\samples\sample_prime_numbers.cpp(51): warning C4566: character represented by universal-character-name '\u0430' cannot be represented in the current code page (1252)
c:\users\rootreddragon\desktop\googletest\upload\main\final\mp2-lab1-set\samples\sample_prime_numbers.cpp(51): warning C4566: character represented by universal-character-name '\u043E' cannot be represented in the current code page (1252)
c:\users\rootreddragon\desktop\googletest\upload\main\final\mp2-lab1-set\samples\sample_prime_numbers.cpp(51): warning C4566: character represented by universal-character-name '\u0442' cannot be represented in the current code page (1252)
sample_prime_numbers.obj : warning LNK4075: ignoring '/EDITANDCONTINUE' due to '/SAFESEH' specification
  sample_prime_numbers.vcxproj -> C:\Users\rootreddragon\Desktop\googletest\upload\main\final\mp2-lab1-set\sln\vc10\Debug\sample_prime_numbers.exe
